Ya trabajando en directorio actual:  /mnt/atgc-d3/sur/users/ENESL-MarcosR/PSEUDOMONAS_SCRIPTS/OriginalSetRANDOMFOREST
##### ABRIENDO TABLA DE CLASIFICACIONES #####
         Genomas     Nicho
0     2531839224  Ambiente
1     2885888304  Ambiente
2     3007425842  Ambiente
3     2935458641  Ambiente
4     3007731458  Ambiente
...          ...       ...
3889  2630968566     Vacio
3890  2582580909     Vacio
3891  2713897254     Vacio
3892  2939020026     Vacio
3893  2675902956     Vacio

[3894 rows x 2 columns]
##### EXTRAYENDO LOS GENOMAS #####
abriendo el archivo
empezamos con los chunks
tomamos los chunks
listo para concatenar todo
         Genomas Cluster0 Cluster1  ... Cluster405870 Cluster405871   
0     2228664007        0        0  ...             0             0   
1     2501799902        0        0  ...             0             0   
2     2501846300        0        0  ...             0             0   
3     2502790010        0        0  ...             0             0   
4     2503538034        0        0  ...             0             0   
...          ...      ...      ...  ...           ...           ... ..
3889  8087728815        0        0  ...             0             0   
3890  8088455273        0        0  ...             0             0   
3891  8088461797        0        0  ...             0             0   
3892  8088468458        0        0  ...             0             0   
3893  8088474632        0        0  ...             0             0  6

[3894 rows x 405874 columns]
Columnas de df antes de eliminar: Index(['Genomas', 'Cluster0', 'Cluster1', 'Cluster2', 'Cluster3', 'Cluster4',
       'Cluster5', 'Cluster6', 'Cluster7', 'Cluster8',
       ...
       'Cluster405863', 'Cluster405864', 'Cluster405865', 'Cluster405866',
       'Cluster405867', 'Cluster405868', 'Cluster405869', 'Cluster405870',
       'Cluster405871', ''],
      dtype='object', length=405874)
['']
         Genomas Cluster0 Cluster1  ... Cluster405869 Cluster405870 Cluster405871
0     2228664007        0        0  ...             0             0             0
1     2501799902        0        0  ...             0             0             0
2     2501846300        0        0  ...             0             0             0
3     2502790010        0        0  ...             0             0             0
4     2503538034        0        0  ...             0             0             0
...          ...      ...      ...  ...           ...           ...           ...
3889  8087728815        0        0  ...             0             0             0
3890  8088455273        0        0  ...             0             0             0
3891  8088461797        0        0  ...             0             0             0
3892  8088468458        0        0  ...             0             0             0
3893  8088474632        0        0  ...             0             0             0

[3894 rows x 405873 columns]
Columnas de df después de eliminar: Index(['Genomas', 'Cluster0', 'Cluster1', 'Cluster2', 'Cluster3', 'Cluster4',
       'Cluster5', 'Cluster6', 'Cluster7', 'Cluster8',
       ...
       'Cluster405862', 'Cluster405863', 'Cluster405864', 'Cluster405865',
       'Cluster405866', 'Cluster405867', 'Cluster405868', 'Cluster405869',
       'Cluster405870', 'Cluster405871'],
      dtype='object', length=405873)
Ahora si las dimensiones de la matriz dataframe
(3894, 405873)
antes de concatenar las tablas
         Genomas Cluster0 Cluster1  ... Cluster405870 Cluster405871      Nicho
0     2228664007        0        0  ...             0             0      Vacio
1     2501799902        0        0  ...             0             0  Hospedero
2     2501846300        0        0  ...             0             0  Hospedero
3     2502790010        0        0  ...             0             0  Hospedero
4     2503538034        0        0  ...             0             0   Ambiente
...          ...      ...      ...  ...           ...           ...        ...
3889  8087728815        0        0  ...             0             0      Vacio
3890  8088455273        0        0  ...             0             0      Vacio
3891  8088461797        0        0  ...             0             0      Vacio
3892  8088468458        0        0  ...             0             0      Vacio
3893  8088474632        0        0  ...             0             0      Vacio

[3894 rows x 405874 columns]
Una vez que ya se hizo como indice la columna Genomas
               Genomas Cluster0 Cluster1  ... Cluster405870 Cluster405871      Nicho
Genomas                                   ...                                       
2228664007  2228664007        0        0  ...             0             0      Vacio
2501799902  2501799902        0        0  ...             0             0  Hospedero
2501846300  2501846300        0        0  ...             0             0  Hospedero
2502790010  2502790010        0        0  ...             0             0  Hospedero
2503538034  2503538034        0        0  ...             0             0   Ambiente
...                ...      ...      ...  ...           ...           ...        ...
8087728815  8087728815        0        0  ...             0             0      Vacio
8088455273  8088455273        0        0  ...             0             0      Vacio
8088461797  8088461797        0        0  ...             0             0      Vacio
8088468458  8088468458        0        0  ...             0             0      Vacio
8088474632  8088474632        0        0  ...             0             0      Vacio

[3894 rows x 405874 columns]
Index(['2228664007', '2501799902', '2501846300', '2502790010', '2503538034',
       '2504643024', '2505313002', '2505313005', '2505313027', '2505313040',
       ...
       '8087295818', '8087536365', '8087590616', '8087597119', '8087603415',
       '8087728815', '8088455273', '8088461797', '8088468458', '8088474632'],
      dtype='object', name='Genomas', length=3894)
(3894, 405874)
               Genomas Cluster0 Cluster1  ... Cluster405870 Cluster405871      Nicho
Genomas                                   ...                                       
2228664007  2228664007        0        0  ...             0             0      Vacio
2501799902  2501799902        0        0  ...             0             0  Hospedero
2501846300  2501846300        0        0  ...             0             0  Hospedero
2502790010  2502790010        0        0  ...             0             0  Hospedero
2503538034  2503538034        0        0  ...             0             0   Ambiente

[5 rows x 405874 columns]
##### PREPARAMOS LOS DATOS #####
los nichos los hacemos array
[['Vacio' 2]
 ['Hospedero' 1]
 ['Hospedero' 1]
 ...
 ['Vacio' 2]
 ['Vacio' 2]
 ['Vacio' 2]]
la matriz la hacemos arreglo
Training Features Shape: (3115, 405872)
Training Labels Shape: (3115,)
Testing Features Shape: (779, 405872)
Testing Labels Shape: (779,)
##### ENTRENANDO EL MODELO #####
