Ya trabajando en directorio actual:  /mnt/atgc-d3/sur/users/ENESL-MarcosR/PSEUDOMONAS_SCRIPTS/OriginalSetRANDOMFOREST
##### ABRIENDO TABLA DE CLASIFICACIONES #####
         Genomas     Nicho
0     2531839224  Ambiente
1     2885888304  Ambiente
2     3007425842  Ambiente
3     2935458641  Ambiente
4     3007731458  Ambiente
...          ...       ...
3889  2630968566     Vacio
3890  2582580909     Vacio
3891  2713897254     Vacio
3892  2939020026     Vacio
3893  2675902956     Vacio

[3894 rows x 2 columns]
##### EXTRAYENDO LOS GENOMAS #####
abriendo el archivo
empezamos con los chunks
tomamos los chunks
listo para concatenar todo
         Genomas Cluster0 Cluster1  ... Cluster405870 Cluster405871   
0     2228664007        0        0  ...             0             0   
1     2501799902        0        0  ...             0             0   
2     2501846300        0        0  ...             0             0   
3     2502790010        0        0  ...             0             0   
4     2503538034        0        0  ...             0             0   
...          ...      ...      ...  ...           ...           ... ..
3889  8087728815        0        0  ...             0             0   
3890  8088455273        0        0  ...             0             0   
3891  8088461797        0        0  ...             0             0   
3892  8088468458        0        0  ...             0             0   
3893  8088474632        0        0  ...             0             0  6

[3894 rows x 405874 columns]
Columnas de df antes de eliminar: Index(['Genomas', 'Cluster0', 'Cluster1', 'Cluster2', 'Cluster3', 'Cluster4',
       'Cluster5', 'Cluster6', 'Cluster7', 'Cluster8',
       ...
       'Cluster405863', 'Cluster405864', 'Cluster405865', 'Cluster405866',
       'Cluster405867', 'Cluster405868', 'Cluster405869', 'Cluster405870',
       'Cluster405871', ''],
      dtype='object', length=405874)
['']
         Genomas Cluster0 Cluster1  ... Cluster405869 Cluster405870 Cluster405871
0     2228664007        0        0  ...             0             0             0
1     2501799902        0        0  ...             0             0             0
2     2501846300        0        0  ...             0             0             0
3     2502790010        0        0  ...             0             0             0
4     2503538034        0        0  ...             0             0             0
...          ...      ...      ...  ...           ...           ...           ...
3889  8087728815        0        0  ...             0             0             0
3890  8088455273        0        0  ...             0             0             0
3891  8088461797        0        0  ...             0             0             0
3892  8088468458        0        0  ...             0             0             0
3893  8088474632        0        0  ...             0             0             0

[3894 rows x 405873 columns]
Columnas de df después de eliminar: Index(['Genomas', 'Cluster0', 'Cluster1', 'Cluster2', 'Cluster3', 'Cluster4',
       'Cluster5', 'Cluster6', 'Cluster7', 'Cluster8',
       ...
       'Cluster405862', 'Cluster405863', 'Cluster405864', 'Cluster405865',
       'Cluster405866', 'Cluster405867', 'Cluster405868', 'Cluster405869',
       'Cluster405870', 'Cluster405871'],
      dtype='object', length=405873)
Ahora si las dimensiones de la matriz dataframe
(3894, 405873)
antes de concatenar las tablas
         Genomas Cluster0 Cluster1  ... Cluster405870 Cluster405871      Nicho
0     2228664007        0        0  ...             0             0      Vacio
1     2501799902        0        0  ...             0             0  Hospedero
2     2501846300        0        0  ...             0             0  Hospedero
3     2502790010        0        0  ...             0             0  Hospedero
4     2503538034        0        0  ...             0             0   Ambiente
...          ...      ...      ...  ...           ...           ...        ...
3889  8087728815        0        0  ...             0             0      Vacio
3890  8088455273        0        0  ...             0             0      Vacio
3891  8088461797        0        0  ...             0             0      Vacio
3892  8088468458        0        0  ...             0             0      Vacio
3893  8088474632        0        0  ...             0             0      Vacio

[3894 rows x 405874 columns]
Una vez que ya se hizo como indice la columna Genomas
               Genomas Cluster0 Cluster1  ... Cluster405870 Cluster405871      Nicho
Genomas                                   ...                                       
2228664007  2228664007        0        0  ...             0             0      Vacio
2501799902  2501799902        0        0  ...             0             0  Hospedero
2501846300  2501846300        0        0  ...             0             0  Hospedero
2502790010  2502790010        0        0  ...             0             0  Hospedero
2503538034  2503538034        0        0  ...             0             0   Ambiente
...                ...      ...      ...  ...           ...           ...        ...
8087728815  8087728815        0        0  ...             0             0      Vacio
8088455273  8088455273        0        0  ...             0             0      Vacio
8088461797  8088461797        0        0  ...             0             0      Vacio
8088468458  8088468458        0        0  ...             0             0      Vacio
8088474632  8088474632        0        0  ...             0             0      Vacio

[3894 rows x 405874 columns]
Index(['2228664007', '2501799902', '2501846300', '2502790010', '2503538034',
       '2504643024', '2505313002', '2505313005', '2505313027', '2505313040',
       ...
       '8087295818', '8087536365', '8087590616', '8087597119', '8087603415',
       '8087728815', '8088455273', '8088461797', '8088468458', '8088474632'],
      dtype='object', name='Genomas', length=3894)
(2452, 405874)
               Genomas Cluster0 Cluster1  ... Cluster405870 Cluster405871      Nicho
Genomas                                   ...                                       
2501799902  2501799902        0        0  ...             0             0  Hospedero
2501846300  2501846300        0        0  ...             0             0  Hospedero
2502790010  2502790010        0        0  ...             0             0  Hospedero
2503538034  2503538034        0        0  ...             0             0   Ambiente
2504643024  2504643024        0        0  ...             0             0   Ambiente

[5 rows x 405874 columns]
##### PREPARAMOS LOS DATOS #####
los nichos los hacemos array
[['Hospedero' 1]
 ['Hospedero' 1]
 ['Hospedero' 1]
 ...
 ['Hospedero' 1]
 ['Hospedero' 1]
 ['Hospedero' 1]]
la matriz la hacemos arreglo
Training Features Shape: (1961, 405872)
Training Labels Shape: (1961,)
Testing Features Shape: (491, 405872)
Testing Labels Shape: (491,)
##### ENTRENANDO EL MODELO #####
##### CLUSTERS DE IMPORTANCIA #####
               Importancia
Cluster50634      0.157665
Cluster220763     0.012078
Cluster65822      0.011758
Cluster193891     0.011158
Cluster28849      0.010340
...                    ...
Cluster136688     0.000000
Cluster136687     0.000000
Cluster136686     0.000000
Cluster136685     0.000000
Cluster405871     0.000000

[405872 rows x 1 columns]
               Importancia
Cluster50634      0.157665
Cluster220763     0.012078
Cluster65822      0.011758
Cluster193891     0.011158
Cluster28849      0.010340
...                    ...
Cluster43208      0.000816
Cluster147424     0.000811
Cluster33440      0.000807
Cluster39894      0.000805
Cluster97652      0.000802

[100 rows x 1 columns]
##### PRIMEROS 100 CLUSTERS MAS IMPORTANTES #####
columnas 100; extraidas:  [array(['2', '2', '2', ..., '0', '2', '2'], dtype=object), array(['0', '1', '1', ..., '0', '0', '0'], dtype=object), array(['1', '1', '1', ..., '0', '0', '0'], dtype=object), array(['0', '0', '0', ..., '0', '0', '0'], dtype=object), array(['2', '1', '1', ..., '0', '0', '0'], dtype=object), array(['0', '0', '0', ..., '0', '0', '0'], dtype=object), array(['0', '0', '0', ..., '2', '2', '2'], dtype=object), array(['0', '0', '0', ..., '0', '0', '0'], dtype=object), array(['0', '0', '0', ..., '1', '0', '0'], dtype=object), array(['1', '0', '0', ..., '0', '0', '0'], dtype=object), array(['1', '1', '1', ..., '0', '0', '0'], dtype=object), array(['0', '0', '0', ..., '1', '1', '2'], dtype=object), array(['0', '0', '0', ..., '0', '0', '0'], dtype=object), array(['0', '1', '1', ..., '1', '1', '1'], dtype=object), array(['0', '0', '0', ..., '0', '0', '0'], dtype=object), array(['0', '0', '0', ..., '0', '0', '0'], dtype=object), array(['0', '0', '0', ..., '0', '0', '0'], dtype=object), array(['0', '0', '0', ..., '1', '1', '1'], dtype=object), array(['0', '0', '0', ..., '0', '0', '0'], dtype=object), array(['0', '0', '0', ..., '0', '0', '0'], dtype=object), array(['0', '0', '0', ..., '0', '0', '0'], dtype=object), array(['0', '0', '0', ..., '0', '1', '2'], dtype=object), array(['0', '0', '0', ..., '1', '2', '1'], dtype=object), array(['0', '0', '0', ..., '2', '1', '1'], dtype=object), array(['0', '0', '0', ..., '0', '0', '0'], dtype=object), array(['0', '0', '0', ..., '0', '0', '0'], dtype=object), array(['0', '0', '0', ..., '0', '0', '0'], dtype=object), array(['0', '0', '0', ..., '1', '1', '1'], dtype=object), array(['0', '0', '0', ..., '0', '0', '0'], dtype=object), array(['0', '0', '0', ..., '0', '1', '1'], dtype=object), array(['0', '0', '0', ..., '0', '0', '0'], dtype=object), array(['0', '0', '0', ..., '0', '0', '0'], dtype=object), array(['0', '0', '0', ..., '0', '0', '0'], dtype=object), array(['0', '1', '1', ..., '0', '2', '2'], dtype=object), array(['0', '0', '0', ..., '0', '0', '0'], dtype=object), array(['0', '0', '0', ..., '0', '0', '0'], dtype=object), array(['1', '1', '1', ..., '1', '1', '1'], dtype=object), array(['0', '0', '0', ..., '0', '0', '0'], dtype=object), array(['0', '0', '0', ..., '0', '0', '0'], dtype=object), array(['0', '0', '0', ..., '1', '1', '1'], dtype=object), array(['0', '0', '0', ..., '0', '0', '0'], dtype=object), array(['0', '0', '0', ..., '0', '0', '0'], dtype=object), array(['0', '0', '0', ..., '0', '0', '0'], dtype=object), array(['0', '0', '0', ..., '0', '1', '1'], dtype=object), array(['0', '0', '0', ..., '0', '0', '0'], dtype=object), array(['1', '2', '2', ..., '0', '0', '0'], dtype=object), array(['0', '0', '0', ..., '0', '0', '0'], dtype=object), array(['0', '0', '0', ..., '2', '1', '2'], dtype=object), array(['0', '0', '0', ..., '0', '0', '0'], dtype=object), array(['0', '0', '0', ..., '1', '1', '1'], dtype=object), array(['0', '0', '0', ..., '0', '0', '0'], dtype=object), array(['0', '0', '0', ..., '0', '0', '0'], dtype=object), array(['0', '0', '0', ..., '0', '0', '0'], dtype=object), array(['0', '0', '0', ..., '0', '0', '0'], dtype=object), array(['0', '0', '0', ..., '0', '0', '0'], dtype=object), array(['0', '0', '0', ..., '1', '0', '0'], dtype=object), array(['0', '0', '0', ..., '0', '0', '0'], dtype=object), array(['0', '0', '0', ..., '1', '0', '0'], dtype=object), array(['0', '0', '0', ..., '0', '0', '0'], dtype=object), array(['0', '0', '0', ..., '1', '0', '0'], dtype=object), array(['0', '0', '0', ..., '0', '0', '0'], dtype=object), array(['1', '1', '1', ..., '0', '0', '0'], dtype=object), array(['0', '0', '0', ..., '1', '0', '0'], dtype=object), array(['0', '0', '0', ..., '0', '0', '0'], dtype=object), array(['0', '0', '0', ..., '0', '0', '0'], dtype=object), array(['0', '0', '0', ..., '0', '0', '0'], dtype=object), array(['0', '0', '0', ..., '0', '0', '0'], dtype=object), array(['0', '0', '0', ..., '0', '0', '0'], dtype=object), array(['1', '1', '1', ..., '1', '1', '1'], dtype=object), array(['0', '0', '0', ..., '0', '0', '0'], dtype=object), array(['0', '0', '0', ..., '0', '1', '1'], dtype=object), array(['0', '0', '0', ..., '0', '0', '0'], dtype=object), array(['0', '0', '0', ..., '0', '0', '0'], dtype=object), array(['0', '0', '0', ..., '0', '0', '0'], dtype=object), array(['0', '0', '0', ..., '0', '0', '0'], dtype=object), array(['0', '0', '0', ..., '0', '1', '1'], dtype=object), array(['0', '0', '0', ..., '0', '0', '0'], dtype=object), array(['0', '0', '0', ..., '0', '0', '0'], dtype=object), array(['0', '0', '0', ..., '1', '1', '1'], dtype=object), array(['0', '0', '0', ..., '0', '0', '0'], dtype=object), array(['0', '0', '0', ..., '0', '0', '0'], dtype=object), array(['0', '0', '0', ..., '0', '0', '0'], dtype=object), array(['0', '0', '0', ..., '0', '0', '0'], dtype=object), array(['0', '0', '0', ..., '0', '0', '0'], dtype=object), array(['0', '0', '0', ..., '0', '0', '0'], dtype=object), array(['0', '0', '0', ..., '0', '1', '0'], dtype=object), array(['0', '0', '0', ..., '1', '1', '1'], dtype=object), array(['0', '0', '0', ..., '0', '0', '0'], dtype=object), array(['0', '0', '0', ..., '0', '0', '0'], dtype=object), array(['0', '0', '0', ..., '0', '0', '0'], dtype=object), array(['0', '0', '0', ..., '0', '0', '0'], dtype=object), array(['0', '0', '0', ..., '0', '0', '0'], dtype=object), array(['0', '0', '0', ..., '1', '1', '1'], dtype=object), array(['0', '0', '0', ..., '0', '0', '0'], dtype=object), array(['0', '0', '0', ..., '1', '1', '1'], dtype=object), array(['0', '0', '0', ..., '0', '0', '0'], dtype=object), array(['0', '0', '0', ..., '0', '0', '0'], dtype=object), array(['0', '0', '0', ..., '3', '1', '1'], dtype=object), array(['0', '0', '0', ..., '0', '0', '0'], dtype=object), array(['0', '0', '0', ..., '1', '1', '1'], dtype=object)]
matriz mtz_clustercien creada\n            50634 220763 65822 193891 28849  ... 147424 33440 39894 97652      Nicho
Genomas                                     ...                                    
2501799902     2      0     1      0     2  ...      0     0     0     0  Hospedero
2501846300     2      1     1      0     1  ...      0     0     0     0  Hospedero
2502790010     2      1     1      0     1  ...      0     0     0     0  Hospedero
2503538034     0      0     0      0     0  ...      0     0     0     1   Ambiente
2504643024     0      0     1      0     1  ...      0     2     0     0   Ambiente
...          ...    ...   ...    ...   ...  ...    ...   ...   ...   ...        ...
8087295818     0      0     0      0     0  ...      0     0     0     1   Ambiente
8087536365     0      0     0      0     0  ...      0     1     0     0  Hospedero
8087590616     0      0     0      0     0  ...      0     3     0     1  Hospedero
8087597119     2      0     0      0     0  ...      0     1     0     1  Hospedero
8087603415     2      0     0      0     0  ...      0     1     0     1  Hospedero

[2452 rows x 101 columns]
indices de mtz_clustercien \n Index(['2501799902', '2501846300', '2502790010', '2503538034', '2504643024',
       '2505313002', '2505313005', '2505313027', '2505313040', '2505313041',
       ...
       '8080272579', '8080279160', '8081094103', '8082710732', '8086947143',
       '8087295818', '8087536365', '8087590616', '8087597119', '8087603415'],
      dtype='object', name='Genomas', length=2452)
columnas de mtz_clustercien \n Index(['50634', '220763', '65822', '193891', '28849', '106790', '48528',
       '165322', '169568', '20872',
       ...
       '81037', '9159', '38062', '17870', '43208', '147424', '33440', '39894',
       '97652', 'Nicho'],
      dtype='object', length=101)
Continuamos hacia el conteo, juntando en indice y las 100 columnas
u ['Hospedero' 'Ambiente'] c ['50634', '220763', '65822', '193891', '28849', '106790', '48528', '165322', '169568', '20872', '16848', '37368', '68365', '44108', '159375', '133305', '21795', '114622', '167562', '91852', '199505', '59304', '45827', '19057', '243502', '34051', '234230', '50362', '28207', '119520', '362420', '59197', '42035', '99093', '76520', '157251', '248050', '139822', '52957', '242353', '194083', '155079', '18646', '104022', '87269', '48635', '41099', '18506', '46649', '99107', '17083', '64471', '316311', '149404', '49507', '161430', '161846', '237358', '38269', '158975', '184660', '15588', '124221', '120949', '196652', '338461', '265839', '17956', '36750', '181378', '32350', '166260', '13282', '50199', '307251', '127760', '62997', '135700', '95366', '326634', '18978', '278765', '117785', '43162', '61341', '73697', '276232', '68217', '57364', '4032', '6656', '81037', '9159', '38062', '17870', '43208', '147424', '33440', '39894', '97652', 'Nicho']
A eliminar la palabra Nicho de la lista c
['50634', '220763', '65822', '193891', '28849', '106790', '48528', '165322', '169568', '20872', '16848', '37368', '68365', '44108', '159375', '133305', '21795', '114622', '167562', '91852', '199505', '59304', '45827', '19057', '243502', '34051', '234230', '50362', '28207', '119520', '362420', '59197', '42035', '99093', '76520', '157251', '248050', '139822', '52957', '242353', '194083', '155079', '18646', '104022', '87269', '48635', '41099', '18506', '46649', '99107', '17083', '64471', '316311', '149404', '49507', '161430', '161846', '237358', '38269', '158975', '184660', '15588', '124221', '120949', '196652', '338461', '265839', '17956', '36750', '181378', '32350', '166260', '13282', '50199', '307251', '127760', '62997', '135700', '95366', '326634', '18978', '278765', '117785', '43162', '61341', '73697', '276232', '68217', '57364', '4032', '6656', '81037', '9159', '38062', '17870', '43208', '147424', '33440', '39894', '97652'] False
matriz vacia, creandose
matriz vacia, creada, continuamos con concatenar los 100 mejores cluster en la matriz vacia
##### GUARDANDING 100 MAS IMPORTANTES #####
(2, 100)
v1_HE_original_histograma50labels_parte_0.png
./OUTPUT_HE_V1/v1_HE_original_histograma50labels_parte_0.png
   Caracteristica Cluster  Frecuencia
0       Hospedero   50634        1882
1        Ambiente   50634         284
2       Hospedero  220763         666
3        Ambiente  220763         157
4       Hospedero   65822        1088
5        Ambiente   65822         258
6       Hospedero  193891           2
7        Ambiente  193891          19
8       Hospedero   28849         889
9        Ambiente   28849         122
10      Hospedero  106790          65
11       Ambiente  106790         205
12      Hospedero   48528        2149
13       Ambiente   48528        1316
14      Hospedero  165322           5
15       Ambiente  165322          26
16      Hospedero  169568         573
17       Ambiente  169568         147
18      Hospedero   20872         454
19       Ambiente   20872         442
20      Hospedero   16848        1093
21       Ambiente   16848         264
22      Hospedero   37368         385
23       Ambiente   37368         242
24      Hospedero   68365         106
25       Ambiente   68365          30
26      Hospedero   44108        1236
27       Ambiente   44108         343
28      Hospedero  159375           0
29       Ambiente  159375           3
30      Hospedero  133305           1
31       Ambiente  133305           3
32      Hospedero   21795          23
33       Ambiente   21795         102
34      Hospedero  114622         568
35       Ambiente  114622         478
36      Hospedero  167562           3
37       Ambiente  167562          15
38      Hospedero   91852           3
39       Ambiente   91852          16
40      Hospedero  199505           2
41       Ambiente  199505           5
42      Hospedero   59304         316
43       Ambiente   59304         195
44      Hospedero   45827         464
45       Ambiente   45827          66
46      Hospedero   19057         869
47       Ambiente   19057         379
48      Hospedero  243502          23
49       Ambiente  243502         100
25
25
###########################
Cluster data 
   Caracteristica Cluster  Frecuencia
0      Hospedero   50634        1882
1       Ambiente   50634         284
Posiciones:  [0.0, 0.1]
Frecuencias:  [1882, 284]
Longitud de las frecuencias:  2
###########################
Cluster data 
   Caracteristica Cluster  Frecuencia
2      Hospedero  220763         666
3       Ambiente  220763         157
Posiciones:  [0.2, 0.30000000000000004]
Frecuencias:  [666, 157]
Longitud de las frecuencias:  2
###########################
Cluster data 
   Caracteristica Cluster  Frecuencia
4      Hospedero   65822        1088
5       Ambiente   65822         258
Posiciones:  [0.4, 0.5]
Frecuencias:  [1088, 258]
Longitud de las frecuencias:  2
###########################
Cluster data 
   Caracteristica Cluster  Frecuencia
6      Hospedero  193891           2
7       Ambiente  193891          19
Posiciones:  [0.6000000000000001, 0.7000000000000001]
Frecuencias:  [2, 19]
Longitud de las frecuencias:  2
###########################
Cluster data 
   Caracteristica Cluster  Frecuencia
8      Hospedero   28849         889
9       Ambiente   28849         122
Posiciones:  [0.8, 0.9]
Frecuencias:  [889, 122]
Longitud de las frecuencias:  2
###########################
Cluster data 
    Caracteristica Cluster  Frecuencia
10      Hospedero  106790          65
11       Ambiente  106790         205
Posiciones:  [1.0, 1.1]
Frecuencias:  [65, 205]
Longitud de las frecuencias:  2
###########################
Cluster data 
    Caracteristica Cluster  Frecuencia
12      Hospedero   48528        2149
13       Ambiente   48528        1316
Posiciones:  [1.2000000000000002, 1.3]
Frecuencias:  [2149, 1316]
Longitud de las frecuencias:  2
###########################
Cluster data 
    Caracteristica Cluster  Frecuencia
14      Hospedero  165322           5
15       Ambiente  165322          26
Posiciones:  [1.4000000000000001, 1.5]
Frecuencias:  [5, 26]
Longitud de las frecuencias:  2
###########################
Cluster data 
    Caracteristica Cluster  Frecuencia
16      Hospedero  169568         573
17       Ambiente  169568         147
Posiciones:  [1.6, 1.7000000000000002]
Frecuencias:  [573, 147]
Longitud de las frecuencias:  2
###########################
Cluster data 
    Caracteristica Cluster  Frecuencia
18      Hospedero   20872         454
19       Ambiente   20872         442
Posiciones:  [1.8, 1.9000000000000001]
Frecuencias:  [454, 442]
Longitud de las frecuencias:  2
###########################
Cluster data 
    Caracteristica Cluster  Frecuencia
20      Hospedero   16848        1093
21       Ambiente   16848         264
Posiciones:  [2.0, 2.1]
Frecuencias:  [1093, 264]
Longitud de las frecuencias:  2
###########################
Cluster data 
    Caracteristica Cluster  Frecuencia
22      Hospedero   37368         385
23       Ambiente   37368         242
Posiciones:  [2.2, 2.3000000000000003]
Frecuencias:  [385, 242]
Longitud de las frecuencias:  2
###########################
Cluster data 
    Caracteristica Cluster  Frecuencia
24      Hospedero   68365         106
25       Ambiente   68365          30
Posiciones:  [2.4000000000000004, 2.5]
Frecuencias:  [106, 30]
Longitud de las frecuencias:  2
###########################
Cluster data 
    Caracteristica Cluster  Frecuencia
26      Hospedero   44108        1236
27       Ambiente   44108         343
Posiciones:  [2.6, 2.7]
Frecuencias:  [1236, 343]
Longitud de las frecuencias:  2
###########################
Cluster data 
    Caracteristica Cluster  Frecuencia
28      Hospedero  159375           0
29       Ambiente  159375           3
Posiciones:  [2.8000000000000003, 2.9000000000000004]
Frecuencias:  [0, 3]
Longitud de las frecuencias:  2
###########################
Cluster data 
    Caracteristica Cluster  Frecuencia
30      Hospedero  133305           1
31       Ambiente  133305           3
Posiciones:  [3.0, 3.1]
Frecuencias:  [1, 3]
Longitud de las frecuencias:  2
###########################
Cluster data 
    Caracteristica Cluster  Frecuencia
32      Hospedero   21795          23
33       Ambiente   21795         102
Posiciones:  [3.2, 3.3000000000000003]
Frecuencias:  [23, 102]
Longitud de las frecuencias:  2
###########################
Cluster data 
    Caracteristica Cluster  Frecuencia
34      Hospedero  114622         568
35       Ambiente  114622         478
Posiciones:  [3.4000000000000004, 3.5]
Frecuencias:  [568, 478]
Longitud de las frecuencias:  2
###########################
Cluster data 
    Caracteristica Cluster  Frecuencia
36      Hospedero  167562           3
37       Ambiente  167562          15
Posiciones:  [3.6, 3.7]
Frecuencias:  [3, 15]
Longitud de las frecuencias:  2
###########################
Cluster data 
    Caracteristica Cluster  Frecuencia
38      Hospedero   91852           3
39       Ambiente   91852          16
Posiciones:  [3.8000000000000003, 3.9000000000000004]
Frecuencias:  [3, 16]
Longitud de las frecuencias:  2
###########################
Cluster data 
    Caracteristica Cluster  Frecuencia
40      Hospedero  199505           2
41       Ambiente  199505           5
Posiciones:  [4.0, 4.1000000000000005]
Frecuencias:  [2, 5]
Longitud de las frecuencias:  2
###########################
Cluster data 
    Caracteristica Cluster  Frecuencia
42      Hospedero   59304         316
43       Ambiente   59304         195
Posiciones:  [4.2, 4.3]
Frecuencias:  [316, 195]
Longitud de las frecuencias:  2
###########################
Cluster data 
    Caracteristica Cluster  Frecuencia
44      Hospedero   45827         464
45       Ambiente   45827          66
Posiciones:  [4.4, 4.5]
Frecuencias:  [464, 66]
Longitud de las frecuencias:  2
###########################
Cluster data 
    Caracteristica Cluster  Frecuencia
46      Hospedero   19057         869
47       Ambiente   19057         379
Posiciones:  [4.6000000000000005, 4.7]
Frecuencias:  [869, 379]
Longitud de las frecuencias:  2
###########################
Cluster data 
    Caracteristica Cluster  Frecuencia
48      Hospedero  243502          23
49       Ambiente  243502         100
Posiciones:  [4.800000000000001, 4.9]
Frecuencias:  [23, 100]
Longitud de las frecuencias:  2
v1_HE_original_histograma50labels_parte_50.png
./OUTPUT_HE_V1/v1_HE_original_histograma50labels_parte_50.png
   Caracteristica Cluster  Frecuencia
0       Hospedero   34051         844
1        Ambiente   34051         364
2       Hospedero  234230           4
3        Ambiente  234230           8
4       Hospedero   50362         192
5        Ambiente   50362         266
6       Hospedero   28207          31
7        Ambiente   28207         117
8       Hospedero  119520         390
9        Ambiente  119520         461
10      Hospedero  362420           3
11       Ambiente  362420           6
12      Hospedero   59197          59
13       Ambiente   59197         106
14      Hospedero   42035         111
15       Ambiente   42035         247
16      Hospedero   99093         837
17       Ambiente   99093         197
18      Hospedero   76520           5
19       Ambiente   76520           7
20      Hospedero  157251           4
21       Ambiente  157251           6
22      Hospedero  248050         635
23       Ambiente  248050         170
24      Hospedero  139822         321
25       Ambiente  139822          62
26      Hospedero   52957         256
27       Ambiente   52957         366
28      Hospedero  242353          64
29       Ambiente  242353          18
30      Hospedero  194083          82
31       Ambiente  194083         198
32      Hospedero  155079          11
33       Ambiente  155079          10
34      Hospedero   18646         249
35       Ambiente   18646         183
36      Hospedero  104022         400
37       Ambiente  104022         464
38      Hospedero   87269         181
39       Ambiente   87269          69
40      Hospedero   48635        1601
41       Ambiente   48635         477
42      Hospedero   41099           2
43       Ambiente   41099           3
44      Hospedero   18506        1086
45       Ambiente   18506         628
46      Hospedero   46649           6
47       Ambiente   46649           7
48      Hospedero   99107        1074
49       Ambiente   99107         657
25
25
###########################
Cluster data 
   Caracteristica Cluster  Frecuencia
0      Hospedero   34051         844
1       Ambiente   34051         364
Posiciones:  [0.0, 0.1]
Frecuencias:  [844, 364]
Longitud de las frecuencias:  2
###########################
Cluster data 
   Caracteristica Cluster  Frecuencia
2      Hospedero  234230           4
3       Ambiente  234230           8
Posiciones:  [0.2, 0.30000000000000004]
Frecuencias:  [4, 8]
Longitud de las frecuencias:  2
###########################
Cluster data 
   Caracteristica Cluster  Frecuencia
4      Hospedero   50362         192
5       Ambiente   50362         266
Posiciones:  [0.4, 0.5]
Frecuencias:  [192, 266]
Longitud de las frecuencias:  2
###########################
Cluster data 
   Caracteristica Cluster  Frecuencia
6      Hospedero   28207          31
7       Ambiente   28207         117
Posiciones:  [0.6000000000000001, 0.7000000000000001]
Frecuencias:  [31, 117]
Longitud de las frecuencias:  2
###########################
Cluster data 
   Caracteristica Cluster  Frecuencia
8      Hospedero  119520         390
9       Ambiente  119520         461
Posiciones:  [0.8, 0.9]
Frecuencias:  [390, 461]
Longitud de las frecuencias:  2
###########################
Cluster data 
    Caracteristica Cluster  Frecuencia
10      Hospedero  362420           3
11       Ambiente  362420           6
Posiciones:  [1.0, 1.1]
Frecuencias:  [3, 6]
Longitud de las frecuencias:  2
###########################
Cluster data 
    Caracteristica Cluster  Frecuencia
12      Hospedero   59197          59
13       Ambiente   59197         106
Posiciones:  [1.2000000000000002, 1.3]
Frecuencias:  [59, 106]
Longitud de las frecuencias:  2
###########################
Cluster data 
    Caracteristica Cluster  Frecuencia
14      Hospedero   42035         111
15       Ambiente   42035         247
Posiciones:  [1.4000000000000001, 1.5]
Frecuencias:  [111, 247]
Longitud de las frecuencias:  2
###########################
Cluster data 
    Caracteristica Cluster  Frecuencia
16      Hospedero   99093         837
17       Ambiente   99093         197
Posiciones:  [1.6, 1.7000000000000002]
Frecuencias:  [837, 197]
Longitud de las frecuencias:  2
###########################
Cluster data 
    Caracteristica Cluster  Frecuencia
18      Hospedero   76520           5
19       Ambiente   76520           7
Posiciones:  [1.8, 1.9000000000000001]
Frecuencias:  [5, 7]
Longitud de las frecuencias:  2
###########################
Cluster data 
    Caracteristica Cluster  Frecuencia
20      Hospedero  157251           4
21       Ambiente  157251           6
Posiciones:  [2.0, 2.1]
Frecuencias:  [4, 6]
Longitud de las frecuencias:  2
###########################
Cluster data 
    Caracteristica Cluster  Frecuencia
22      Hospedero  248050         635
23       Ambiente  248050         170
Posiciones:  [2.2, 2.3000000000000003]
Frecuencias:  [635, 170]
Longitud de las frecuencias:  2
###########################
Cluster data 
    Caracteristica Cluster  Frecuencia
24      Hospedero  139822         321
25       Ambiente  139822          62
Posiciones:  [2.4000000000000004, 2.5]
Frecuencias:  [321, 62]
Longitud de las frecuencias:  2
###########################
Cluster data 
    Caracteristica Cluster  Frecuencia
26      Hospedero   52957         256
27       Ambiente   52957         366
Posiciones:  [2.6, 2.7]
Frecuencias:  [256, 366]
Longitud de las frecuencias:  2
###########################
Cluster data 
    Caracteristica Cluster  Frecuencia
28      Hospedero  242353          64
29       Ambiente  242353          18
Posiciones:  [2.8000000000000003, 2.9000000000000004]
Frecuencias:  [64, 18]
Longitud de las frecuencias:  2
###########################
Cluster data 
    Caracteristica Cluster  Frecuencia
30      Hospedero  194083          82
31       Ambiente  194083         198
Posiciones:  [3.0, 3.1]
Frecuencias:  [82, 198]
Longitud de las frecuencias:  2
###########################
Cluster data 
    Caracteristica Cluster  Frecuencia
32      Hospedero  155079          11
33       Ambiente  155079          10
Posiciones:  [3.2, 3.3000000000000003]
Frecuencias:  [11, 10]
Longitud de las frecuencias:  2
###########################
Cluster data 
    Caracteristica Cluster  Frecuencia
34      Hospedero   18646         249
35       Ambiente   18646         183
Posiciones:  [3.4000000000000004, 3.5]
Frecuencias:  [249, 183]
Longitud de las frecuencias:  2
###########################
Cluster data 
    Caracteristica Cluster  Frecuencia
36      Hospedero  104022         400
37       Ambiente  104022         464
Posiciones:  [3.6, 3.7]
Frecuencias:  [400, 464]
Longitud de las frecuencias:  2
###########################
Cluster data 
    Caracteristica Cluster  Frecuencia
38      Hospedero   87269         181
39       Ambiente   87269          69
Posiciones:  [3.8000000000000003, 3.9000000000000004]
Frecuencias:  [181, 69]
Longitud de las frecuencias:  2
###########################
Cluster data 
    Caracteristica Cluster  Frecuencia
40      Hospedero   48635        1601
41       Ambiente   48635         477
Posiciones:  [4.0, 4.1000000000000005]
Frecuencias:  [1601, 477]
Longitud de las frecuencias:  2
###########################
Cluster data 
    Caracteristica Cluster  Frecuencia
42      Hospedero   41099           2
43       Ambiente   41099           3
Posiciones:  [4.2, 4.3]
Frecuencias:  [2, 3]
Longitud de las frecuencias:  2
###########################
Cluster data 
    Caracteristica Cluster  Frecuencia
44      Hospedero   18506        1086
45       Ambiente   18506         628
Posiciones:  [4.4, 4.5]
Frecuencias:  [1086, 628]
Longitud de las frecuencias:  2
###########################
Cluster data 
    Caracteristica Cluster  Frecuencia
46      Hospedero   46649           6
47       Ambiente   46649           7
Posiciones:  [4.6000000000000005, 4.7]
Frecuencias:  [6, 7]
Longitud de las frecuencias:  2
###########################
Cluster data 
    Caracteristica Cluster  Frecuencia
48      Hospedero   99107        1074
49       Ambiente   99107         657
Posiciones:  [4.800000000000001, 4.9]
Frecuencias:  [1074, 657]
Longitud de las frecuencias:  2
v1_HE_original_histograma50labels_parte_100.png
./OUTPUT_HE_V1/v1_HE_original_histograma50labels_parte_100.png
   Caracteristica Cluster  Frecuencia
0       Hospedero   17083           5
1        Ambiente   17083          18
2       Hospedero   64471         105
3        Ambiente   64471         152
4       Hospedero  316311          48
5        Ambiente  316311          87
6       Hospedero  149404           5
7        Ambiente  149404          20
8       Hospedero   49507          64
9        Ambiente   49507         190
10      Hospedero  161430          92
11       Ambiente  161430          73
12      Hospedero  161846           1
13       Ambiente  161846           4
14      Hospedero  237358         119
15       Ambiente  237358         145
16      Hospedero   38269         148
17       Ambiente   38269         228
18      Hospedero  158975         113
19       Ambiente  158975          61
20      Hospedero  184660           3
21       Ambiente  184660           6
22      Hospedero   15588         354
23       Ambiente   15588         370
24      Hospedero  124221         143
25       Ambiente  124221         224
26      Hospedero  120949          25
27       Ambiente  120949          21
28      Hospedero  196652          41
29       Ambiente  196652         109
30      Hospedero  338461          15
31       Ambiente  338461          31
32      Hospedero  265839           3
33       Ambiente  265839          12
34      Hospedero   17956         187
35       Ambiente   17956          75
36      Hospedero   36750         941
37       Ambiente   36750         503
38      Hospedero  181378          83
39       Ambiente  181378          54
40      Hospedero   32350         243
41       Ambiente   32350         215
42      Hospedero  166260         116
43       Ambiente  166260         117
44      Hospedero   13282        1080
45       Ambiente   13282         235
46      Hospedero   50199         188
47       Ambiente   50199         270
48      Hospedero  307251           4
49       Ambiente  307251           5
25
25
###########################
Cluster data 
   Caracteristica Cluster  Frecuencia
0      Hospedero   17083           5
1       Ambiente   17083          18
Posiciones:  [0.0, 0.1]
Frecuencias:  [5, 18]
Longitud de las frecuencias:  2
###########################
Cluster data 
   Caracteristica Cluster  Frecuencia
2      Hospedero   64471         105
3       Ambiente   64471         152
Posiciones:  [0.2, 0.30000000000000004]
Frecuencias:  [105, 152]
Longitud de las frecuencias:  2
###########################
Cluster data 
   Caracteristica Cluster  Frecuencia
4      Hospedero  316311          48
5       Ambiente  316311          87
Posiciones:  [0.4, 0.5]
Frecuencias:  [48, 87]
Longitud de las frecuencias:  2
###########################
Cluster data 
   Caracteristica Cluster  Frecuencia
6      Hospedero  149404           5
7       Ambiente  149404          20
Posiciones:  [0.6000000000000001, 0.7000000000000001]
Frecuencias:  [5, 20]
Longitud de las frecuencias:  2
###########################
Cluster data 
   Caracteristica Cluster  Frecuencia
8      Hospedero   49507          64
9       Ambiente   49507         190
Posiciones:  [0.8, 0.9]
Frecuencias:  [64, 190]
Longitud de las frecuencias:  2
###########################
Cluster data 
    Caracteristica Cluster  Frecuencia
10      Hospedero  161430          92
11       Ambiente  161430          73
Posiciones:  [1.0, 1.1]
Frecuencias:  [92, 73]
Longitud de las frecuencias:  2
###########################
Cluster data 
    Caracteristica Cluster  Frecuencia
12      Hospedero  161846           1
13       Ambiente  161846           4
Posiciones:  [1.2000000000000002, 1.3]
Frecuencias:  [1, 4]
Longitud de las frecuencias:  2
###########################
Cluster data 
    Caracteristica Cluster  Frecuencia
14      Hospedero  237358         119
15       Ambiente  237358         145
Posiciones:  [1.4000000000000001, 1.5]
Frecuencias:  [119, 145]
Longitud de las frecuencias:  2
###########################
Cluster data 
    Caracteristica Cluster  Frecuencia
16      Hospedero   38269         148
17       Ambiente   38269         228
Posiciones:  [1.6, 1.7000000000000002]
Frecuencias:  [148, 228]
Longitud de las frecuencias:  2
###########################
Cluster data 
    Caracteristica Cluster  Frecuencia
18      Hospedero  158975         113
19       Ambiente  158975          61
Posiciones:  [1.8, 1.9000000000000001]
Frecuencias:  [113, 61]
Longitud de las frecuencias:  2
###########################
Cluster data 
    Caracteristica Cluster  Frecuencia
20      Hospedero  184660           3
21       Ambiente  184660           6
Posiciones:  [2.0, 2.1]
Frecuencias:  [3, 6]
Longitud de las frecuencias:  2
###########################
Cluster data 
    Caracteristica Cluster  Frecuencia
22      Hospedero   15588         354
23       Ambiente   15588         370
Posiciones:  [2.2, 2.3000000000000003]
Frecuencias:  [354, 370]
Longitud de las frecuencias:  2
###########################
Cluster data 
    Caracteristica Cluster  Frecuencia
24      Hospedero  124221         143
25       Ambiente  124221         224
Posiciones:  [2.4000000000000004, 2.5]
Frecuencias:  [143, 224]
Longitud de las frecuencias:  2
###########################
Cluster data 
    Caracteristica Cluster  Frecuencia
26      Hospedero  120949          25
27       Ambiente  120949          21
Posiciones:  [2.6, 2.7]
Frecuencias:  [25, 21]
Longitud de las frecuencias:  2
###########################
Cluster data 
    Caracteristica Cluster  Frecuencia
28      Hospedero  196652          41
29       Ambiente  196652         109
Posiciones:  [2.8000000000000003, 2.9000000000000004]
Frecuencias:  [41, 109]
Longitud de las frecuencias:  2
###########################
Cluster data 
    Caracteristica Cluster  Frecuencia
30      Hospedero  338461          15
31       Ambiente  338461          31
Posiciones:  [3.0, 3.1]
Frecuencias:  [15, 31]
Longitud de las frecuencias:  2
###########################
Cluster data 
    Caracteristica Cluster  Frecuencia
32      Hospedero  265839           3
33       Ambiente  265839          12
Posiciones:  [3.2, 3.3000000000000003]
Frecuencias:  [3, 12]
Longitud de las frecuencias:  2
###########################
Cluster data 
    Caracteristica Cluster  Frecuencia
34      Hospedero   17956         187
35       Ambiente   17956          75
Posiciones:  [3.4000000000000004, 3.5]
Frecuencias:  [187, 75]
Longitud de las frecuencias:  2
###########################
Cluster data 
    Caracteristica Cluster  Frecuencia
36      Hospedero   36750         941
37       Ambiente   36750         503
Posiciones:  [3.6, 3.7]
Frecuencias:  [941, 503]
Longitud de las frecuencias:  2
###########################
Cluster data 
    Caracteristica Cluster  Frecuencia
38      Hospedero  181378          83
39       Ambiente  181378          54
Posiciones:  [3.8000000000000003, 3.9000000000000004]
Frecuencias:  [83, 54]
Longitud de las frecuencias:  2
###########################
Cluster data 
    Caracteristica Cluster  Frecuencia
40      Hospedero   32350         243
41       Ambiente   32350         215
Posiciones:  [4.0, 4.1000000000000005]
Frecuencias:  [243, 215]
Longitud de las frecuencias:  2
###########################
Cluster data 
    Caracteristica Cluster  Frecuencia
42      Hospedero  166260         116
43       Ambiente  166260         117
Posiciones:  [4.2, 4.3]
Frecuencias:  [116, 117]
Longitud de las frecuencias:  2
###########################
Cluster data 
    Caracteristica Cluster  Frecuencia
44      Hospedero   13282        1080
45       Ambiente   13282         235
Posiciones:  [4.4, 4.5]
Frecuencias:  [1080, 235]
Longitud de las frecuencias:  2
###########################
Cluster data 
    Caracteristica Cluster  Frecuencia
46      Hospedero   50199         188
47       Ambiente   50199         270
Posiciones:  [4.6000000000000005, 4.7]
Frecuencias:  [188, 270]
Longitud de las frecuencias:  2
###########################
Cluster data 
    Caracteristica Cluster  Frecuencia
48      Hospedero  307251           4
49       Ambiente  307251           5
Posiciones:  [4.800000000000001, 4.9]
Frecuencias:  [4, 5]
Longitud de las frecuencias:  2
v1_HE_original_histograma50labels_parte_150.png
./OUTPUT_HE_V1/v1_HE_original_histograma50labels_parte_150.png
   Caracteristica Cluster  Frecuencia
0       Hospedero  127760         293
1        Ambiente  127760         323
2       Hospedero   62997          14
3        Ambiente   62997          20
4       Hospedero  135700          39
5        Ambiente  135700         125
6       Hospedero   95366         402
7        Ambiente   95366         457
8       Hospedero  326634          61
9        Ambiente  326634         188
10      Hospedero   18978         235
11       Ambiente   18978          76
12      Hospedero  278765         158
13       Ambiente  278765         289
14      Hospedero  117785         108
15       Ambiente  117785          29
16      Hospedero   43162         546
17       Ambiente   43162          92
18      Hospedero   61341          33
19       Ambiente   61341          16
20      Hospedero   73697         329
21       Ambiente   73697         187
22      Hospedero  276232         132
23       Ambiente  276232          39
24      Hospedero   68217           4
25       Ambiente   68217           3
26      Hospedero   57364         371
27       Ambiente   57364         216
28      Hospedero    4032          77
29       Ambiente    4032           9
30      Hospedero    6656         631
31       Ambiente    6656          80
32      Hospedero   81037          12
33       Ambiente   81037           2
34      Hospedero    9159        1418
35       Ambiente    9159         624
36      Hospedero   38062           2
37       Ambiente   38062           4
38      Hospedero   17870         324
39       Ambiente   17870         249
40      Hospedero   43208           1
41       Ambiente   43208           9
42      Hospedero  147424          33
43       Ambiente  147424          16
44      Hospedero   33440         545
45       Ambiente   33440         714
46      Hospedero   39894           2
47       Ambiente   39894           4
48      Hospedero   97652          83
49       Ambiente   97652         152
25
25
###########################
Cluster data 
   Caracteristica Cluster  Frecuencia
0      Hospedero  127760         293
1       Ambiente  127760         323
Posiciones:  [0.0, 0.1]
Frecuencias:  [293, 323]
Longitud de las frecuencias:  2
###########################
Cluster data 
   Caracteristica Cluster  Frecuencia
2      Hospedero   62997          14
3       Ambiente   62997          20
Posiciones:  [0.2, 0.30000000000000004]
Frecuencias:  [14, 20]
Longitud de las frecuencias:  2
###########################
Cluster data 
   Caracteristica Cluster  Frecuencia
4      Hospedero  135700          39
5       Ambiente  135700         125
Posiciones:  [0.4, 0.5]
Frecuencias:  [39, 125]
Longitud de las frecuencias:  2
###########################
Cluster data 
   Caracteristica Cluster  Frecuencia
6      Hospedero   95366         402
7       Ambiente   95366         457
Posiciones:  [0.6000000000000001, 0.7000000000000001]
Frecuencias:  [402, 457]
Longitud de las frecuencias:  2
###########################
Cluster data 
   Caracteristica Cluster  Frecuencia
8      Hospedero  326634          61
9       Ambiente  326634         188
Posiciones:  [0.8, 0.9]
Frecuencias:  [61, 188]
Longitud de las frecuencias:  2
###########################
Cluster data 
    Caracteristica Cluster  Frecuencia
10      Hospedero   18978         235
11       Ambiente   18978          76
Posiciones:  [1.0, 1.1]
Frecuencias:  [235, 76]
Longitud de las frecuencias:  2
###########################
Cluster data 
    Caracteristica Cluster  Frecuencia
12      Hospedero  278765         158
13       Ambiente  278765         289
Posiciones:  [1.2000000000000002, 1.3]
Frecuencias:  [158, 289]
Longitud de las frecuencias:  2
###########################
Cluster data 
    Caracteristica Cluster  Frecuencia
14      Hospedero  117785         108
15       Ambiente  117785          29
Posiciones:  [1.4000000000000001, 1.5]
Frecuencias:  [108, 29]
Longitud de las frecuencias:  2
###########################
Cluster data 
    Caracteristica Cluster  Frecuencia
16      Hospedero   43162         546
17       Ambiente   43162          92
Posiciones:  [1.6, 1.7000000000000002]
Frecuencias:  [546, 92]
Longitud de las frecuencias:  2
###########################
Cluster data 
    Caracteristica Cluster  Frecuencia
18      Hospedero   61341          33
19       Ambiente   61341          16
Posiciones:  [1.8, 1.9000000000000001]
Frecuencias:  [33, 16]
Longitud de las frecuencias:  2
###########################
Cluster data 
    Caracteristica Cluster  Frecuencia
20      Hospedero   73697         329
21       Ambiente   73697         187
Posiciones:  [2.0, 2.1]
Frecuencias:  [329, 187]
Longitud de las frecuencias:  2
###########################
Cluster data 
    Caracteristica Cluster  Frecuencia
22      Hospedero  276232         132
23       Ambiente  276232          39
Posiciones:  [2.2, 2.3000000000000003]
Frecuencias:  [132, 39]
Longitud de las frecuencias:  2
###########################
Cluster data 
    Caracteristica Cluster  Frecuencia
24      Hospedero   68217           4
25       Ambiente   68217           3
Posiciones:  [2.4000000000000004, 2.5]
Frecuencias:  [4, 3]
Longitud de las frecuencias:  2
###########################
Cluster data 
    Caracteristica Cluster  Frecuencia
26      Hospedero   57364         371
27       Ambiente   57364         216
Posiciones:  [2.6, 2.7]
Frecuencias:  [371, 216]
Longitud de las frecuencias:  2
###########################
Cluster data 
    Caracteristica Cluster  Frecuencia
28      Hospedero    4032          77
29       Ambiente    4032           9
Posiciones:  [2.8000000000000003, 2.9000000000000004]
Frecuencias:  [77, 9]
Longitud de las frecuencias:  2
###########################
Cluster data 
    Caracteristica Cluster  Frecuencia
30      Hospedero    6656         631
31       Ambiente    6656          80
Posiciones:  [3.0, 3.1]
Frecuencias:  [631, 80]
Longitud de las frecuencias:  2
###########################
Cluster data 
    Caracteristica Cluster  Frecuencia
32      Hospedero   81037          12
33       Ambiente   81037           2
Posiciones:  [3.2, 3.3000000000000003]
Frecuencias:  [12, 2]
Longitud de las frecuencias:  2
###########################
Cluster data 
    Caracteristica Cluster  Frecuencia
34      Hospedero    9159        1418
35       Ambiente    9159         624
Posiciones:  [3.4000000000000004, 3.5]
Frecuencias:  [1418, 624]
Longitud de las frecuencias:  2
###########################
Cluster data 
    Caracteristica Cluster  Frecuencia
36      Hospedero   38062           2
37       Ambiente   38062           4
Posiciones:  [3.6, 3.7]
Frecuencias:  [2, 4]
Longitud de las frecuencias:  2
###########################
Cluster data 
    Caracteristica Cluster  Frecuencia
38      Hospedero   17870         324
39       Ambiente   17870         249
Posiciones:  [3.8000000000000003, 3.9000000000000004]
Frecuencias:  [324, 249]
Longitud de las frecuencias:  2
###########################
Cluster data 
    Caracteristica Cluster  Frecuencia
40      Hospedero   43208           1
41       Ambiente   43208           9
Posiciones:  [4.0, 4.1000000000000005]
Frecuencias:  [1, 9]
Longitud de las frecuencias:  2
###########################
Cluster data 
    Caracteristica Cluster  Frecuencia
42      Hospedero  147424          33
43       Ambiente  147424          16
Posiciones:  [4.2, 4.3]
Frecuencias:  [33, 16]
Longitud de las frecuencias:  2
###########################
Cluster data 
    Caracteristica Cluster  Frecuencia
44      Hospedero   33440         545
45       Ambiente   33440         714
Posiciones:  [4.4, 4.5]
Frecuencias:  [545, 714]
Longitud de las frecuencias:  2
###########################
Cluster data 
    Caracteristica Cluster  Frecuencia
46      Hospedero   39894           2
47       Ambiente   39894           4
Posiciones:  [4.6000000000000005, 4.7]
Frecuencias:  [2, 4]
Longitud de las frecuencias:  2
###########################
Cluster data 
    Caracteristica Cluster  Frecuencia
48      Hospedero   97652          83
49       Ambiente   97652         152
Posiciones:  [4.800000000000001, 4.9]
Frecuencias:  [83, 152]
Longitud de las frecuencias:  2
Matriz de confusión guardada exitosamente
Accuracy: 0.8228105906313645
Precision: 0.8203543350196
Recall: 0.8228105906313645
F1 Score: 0.8211293880755502
Elapsed time to compute the importances: 25577.935 seconds
