abriendo el archivo
empezamos con los chunks
tomamos los chunks
listo para concatenar todo
      Genomas Cluster0 Cluster1  ... Cluster18998 Cluster18999 Cluster19000
0  2505313052        0        3  ...            1            1            1
1  2517572175        0        0  ...            0            0            0
2  2548876750        0        1  ...            0            0            0
3  2554235471        0        0  ...            0            0            0
4  2630968743        0        5  ...            0            0            0
5  2713896862        0        1  ...            0            0            0
6  2785510749        1        0  ...            0            0            0
7  2923166773        0        0  ...            0            0            0
8  2972001829        0        0  ...            0            0            0
9  8011072914        0        0  ...            0            0            0

[10 rows x 19002 columns]
('Columnas de df antes de eliminar:', Index([u'Genomas', u'Cluster0', u'Cluster1', u'Cluster2', u'Cluster3',
       u'Cluster4', u'Cluster5', u'Cluster6', u'Cluster7', u'Cluster8',
       ...
       u'Cluster18991', u'Cluster18992', u'Cluster18993', u'Cluster18994',
       u'Cluster18995', u'Cluster18996', u'Cluster18997', u'Cluster18998',
       u'Cluster18999', u'Cluster19000'],
      dtype='object', length=19002))
[]
      Genomas Cluster0 Cluster1  ... Cluster18998 Cluster18999 Cluster19000
0  2505313052        0        3  ...            1            1            1
1  2517572175        0        0  ...            0            0            0
2  2548876750        0        1  ...            0            0            0
3  2554235471        0        0  ...            0            0            0
4  2630968743        0        5  ...            0            0            0
5  2713896862        0        1  ...            0            0            0
6  2785510749        1        0  ...            0            0            0
7  2923166773        0        0  ...            0            0            0
8  2972001829        0        0  ...            0            0            0
9  8011072914        0        0  ...            0            0            0

[10 rows x 19002 columns]
('Columnas de df despu\xc3\xa9s de eliminar:', Index([u'Genomas', u'Cluster0', u'Cluster1', u'Cluster2', u'Cluster3',
       u'Cluster4', u'Cluster5', u'Cluster6', u'Cluster7', u'Cluster8',
       ...
       u'Cluster18991', u'Cluster18992', u'Cluster18993', u'Cluster18994',
       u'Cluster18995', u'Cluster18996', u'Cluster18997', u'Cluster18998',
       u'Cluster18999', u'Cluster19000'],
      dtype='object', length=19002))
Ahora si las dimensiones de la matriz dataframe
(10, 19002)
      Genomas         Nicho
0  2505313052      Patogeno
1  2517572175     HostHuman
2  2548876750     HostFungi
3  2554235471     Patogeno 
4  2630968743      Ambiente
5  2713896862      Ambiente
6  2785510749      Hostalga
7  2923166773    Hostanimal
8  2972001829  Unclassified
9  8011072914  Unclassified
antes de concatenar las tablas
      Genomas Cluster0 Cluster1  ... Cluster18999 Cluster19000         Nicho
0  2505313052        0        3  ...            1            1      Patogeno
1  2517572175        0        0  ...            0            0     HostHuman
2  2548876750        0        1  ...            0            0     HostFungi
3  2554235471        0        0  ...            0            0     Patogeno 
4  2630968743        0        5  ...            0            0      Ambiente
5  2713896862        0        1  ...            0            0      Ambiente
6  2785510749        1        0  ...            0            0      Hostalga
7  2923166773        0        0  ...            0            0    Hostanimal
8  2972001829        0        0  ...            0            0  Unclassified
9  8011072914        0        0  ...            0            0  Unclassified

[10 rows x 19003 columns]
Una vez que ya se hizo como indice la columna Genomas
           Cluster0 Cluster1 Cluster2  ... Cluster18999 Cluster19000         Nicho
Genomas                                ...                                        
2505313052        0        3        0  ...            1            1      Patogeno
2517572175        0        0        0  ...            0            0     HostHuman
2548876750        0        1        4  ...            0            0     HostFungi
2554235471        0        0        0  ...            0            0     Patogeno 
2630968743        0        5        2  ...            0            0      Ambiente
2713896862        0        1        1  ...            0            0      Ambiente
2785510749        1        0        0  ...            0            0      Hostalga
2923166773        0        0        0  ...            0            0    Hostanimal
2972001829        0        0        0  ...            0            0  Unclassified
8011072914        0        0        0  ...            0            0  Unclassified

[10 rows x 19002 columns]
Index([u'2505313052', u'2517572175', u'2548876750', u'2554235471',
       u'2630968743', u'2713896862', u'2785510749', u'2923166773',
       u'2972001829', u'8011072914'],
      dtype='object', name=u'Genomas')
Ha ocurrido un error al usar la funcion confusion_graph(): "['Genomas'] not found in axis"
