abriendo el archivo
empezamos con los chunks
tomamos los chunks
listo para concatenar todo
         Genomas Cluster0 Cluster1  ... Cluster405870 Cluster405871   
0     2228664007        0        0  ...             0             0   
1     2501799902        0        0  ...             0             0   
2     2501846300        0        0  ...             0             0   
3     2502790010        0        0  ...             0             0   
4     2503538034        0        0  ...             0             0   
5     2504643024        0        0  ...             0             0   
6     2505313002        0        0  ...             0             0   
7     2505313005        0        0  ...             0             0   
8     2505313027        0        0  ...             0             0   
9     2505313040        0        0  ...             0             0   
10    2505313041        1        0  ...             0             0   
11    2505313042        1        0  ...             0             0   
12    2505313043        1        0  ...             0             0   
13    2505313044        0        0  ...             0             0   
14    2505313045        0        0  ...             0             0   
15    2505313046        0        0  ...             0             0   
16    2505313047        0        0  ...             0             0   
17    2505313048        3        0  ...             0             0   
18    2505313049        0        0  ...             0             0   
19    2505313050        0        0  ...             0             0   
20    2505313051        1        0  ...             0             0   
21    2505313052        1        0  ...             0             0   
22    2505313053        1        0  ...             0             0   
23    2505313054        1        0  ...             0             0   
24    2505313055       38        0  ...             0             0   
25    2505313056        0        0  ...             0             0   
26    2505313057        1        0  ...             0             0   
27    2505313058        1        0  ...             0             0   
28    2505313060        0        0  ...             0             0   
29    2505313061        2        0  ...             0             0   
...          ...      ...      ...  ...           ...           ... ..
3864  8080279160        0        0  ...             0             0   
3865  8081094103        0        0  ...             0             0   
3866  8081444025        0        0  ...             0             0   
3867  8082710732        0        0  ...             0             0   
3868  8086666453        0        0  ...             0             0   
3869  8086671054        0        0  ...             0             0   
3870  8086684168        0        0  ...             0             0   
3871  8086689625        0        0  ...             0             0   
3872  8086694303        0        0  ...             0             0   
3873  8086703219        0        0  ...             0             0   
3874  8086708414        0        0  ...             0             0   
3875  8086713104        0        0  ...             0             0   
3876  8086722155        0        0  ...             0             0   
3877  8086727025        0        0  ...             0             0   
3878  8086736035        0        0  ...             0             0   
3879  8086741237        0        0  ...             0             0   
3880  8086746634        1        0  ...             0             0   
3881  8086751969        0        0  ...             0             0   
3882  8086756441        0        0  ...             0             0   
3883  8086947143        0        0  ...             0             0   
3884  8087295818        0        0  ...             0             0   
3885  8087536365        0        0  ...             0             0   
3886  8087590616        0        0  ...             0             0   
3887  8087597119        0        0  ...             0             0   
3888  8087603415        0        0  ...             0             0   
3889  8087728815        0        0  ...             0             0   
3890  8088455273        0        0  ...             0             0   
3891  8088461797        0        0  ...             0             0   
3892  8088468458        0        0  ...             0             0   
3893  8088474632        0        0  ...             0             0  6

[3894 rows x 405874 columns]
('Columnas de df antes de eliminar:', Index([u'Genomas', u'Cluster0', u'Cluster1', u'Cluster2', u'Cluster3',
       u'Cluster4', u'Cluster5', u'Cluster6', u'Cluster7', u'Cluster8',
       ...
       u'Cluster405863', u'Cluster405864', u'Cluster405865', u'Cluster405866',
       u'Cluster405867', u'Cluster405868', u'Cluster405869', u'Cluster405870',
       u'Cluster405871', u''],
      dtype='object', length=405874))
['']
         Genomas Cluster0 Cluster1  ... Cluster405869 Cluster405870 Cluster405871
0     2228664007        0        0  ...             0             0             0
1     2501799902        0        0  ...             0             0             0
2     2501846300        0        0  ...             0             0             0
3     2502790010        0        0  ...             0             0             0
4     2503538034        0        0  ...             0             0             0
5     2504643024        0        0  ...             0             0             0
6     2505313002        0        0  ...             0             0             0
7     2505313005        0        0  ...             0             0             0
8     2505313027        0        0  ...             0             0             0
9     2505313040        0        0  ...             0             0             0
10    2505313041        1        0  ...             0             0             0
11    2505313042        1        0  ...             0             0             0
12    2505313043        1        0  ...             0             0             0
13    2505313044        0        0  ...             0             0             0
14    2505313045        0        0  ...             0             0             0
15    2505313046        0        0  ...             0             0             0
16    2505313047        0        0  ...             0             0             0
17    2505313048        3        0  ...             0             0             0
18    2505313049        0        0  ...             0             0             0
19    2505313050        0        0  ...             0             0             0
20    2505313051        1        0  ...             0             0             0
21    2505313052        1        0  ...             0             0             0
22    2505313053        1        0  ...             0             0             0
23    2505313054        1        0  ...             0             0             0
24    2505313055       38        0  ...             0             0             0
25    2505313056        0        0  ...             0             0             0
26    2505313057        1        0  ...             0             0             0
27    2505313058        1        0  ...             0             0             0
28    2505313060        0        0  ...             0             0             0
29    2505313061        2        0  ...             0             0             0
...          ...      ...      ...  ...           ...           ...           ...
3864  8080279160        0        0  ...             0             0             0
3865  8081094103        0        0  ...             0             0             0
3866  8081444025        0        0  ...             0             0             0
3867  8082710732        0        0  ...             0             0             0
3868  8086666453        0        0  ...             0             0             0
3869  8086671054        0        0  ...             0             0             0
3870  8086684168        0        0  ...             0             0             0
3871  8086689625        0        0  ...             0             0             0
3872  8086694303        0        0  ...             0             0             0
3873  8086703219        0        0  ...             0             0             0
3874  8086708414        0        0  ...             0             0             0
3875  8086713104        0        0  ...             0             0             0
3876  8086722155        0        0  ...             0             0             0
3877  8086727025        0        0  ...             0             0             0
3878  8086736035        0        0  ...             0             0             0
3879  8086741237        0        0  ...             0             0             0
3880  8086746634        1        0  ...             0             0             0
3881  8086751969        0        0  ...             0             0             0
3882  8086756441        0        0  ...             0             0             0
3883  8086947143        0        0  ...             0             0             0
3884  8087295818        0        0  ...             0             0             0
3885  8087536365        0        0  ...             0             0             0
3886  8087590616        0        0  ...             0             0             0
3887  8087597119        0        0  ...             0             0             0
3888  8087603415        0        0  ...             0             0             0
3889  8087728815        0        0  ...             0             0             0
3890  8088455273        0        0  ...             0             0             0
3891  8088461797        0        0  ...             0             0             0
3892  8088468458        0        0  ...             0             0             0
3893  8088474632        0        0  ...             0             0             0

[3894 rows x 405873 columns]
('Columnas de df despu\xc3\xa9s de eliminar:', Index([u'Genomas', u'Cluster0', u'Cluster1', u'Cluster2', u'Cluster3',
       u'Cluster4', u'Cluster5', u'Cluster6', u'Cluster7', u'Cluster8',
       ...
       u'Cluster405862', u'Cluster405863', u'Cluster405864', u'Cluster405865',
       u'Cluster405866', u'Cluster405867', u'Cluster405868', u'Cluster405869',
       u'Cluster405870', u'Cluster405871'],
      dtype='object', length=405873))
Ahora si las dimensiones de la matriz dataframe
(3894, 405873)
         Genomas      Nicho
0     2740892069  hospedero
1     8011325151  hospedero
2     2886129330  hospedero
3     2524614586  hospedero
4     2740892099  hospedero
5     2728369042  hospedero
6     2728368928  hospedero
7     2788499825  hospedero
8     2563367035  hospedero
9     2852612431  hospedero
10    2969252327  hospedero
11    8010912407  hospedero
12    2888734210  hospedero
13    2511231015  hospedero
14    2740892080  hospedero
15    8073372055  hospedero
16    8044184997  hospedero
17    2512047018  hospedero
18    2938996655  hospedero
19    2563366523  hospedero
20    8044759537  hospedero
21    2980600606  hospedero
22    2599185166  hospedero
23    8052295420  hospedero
24    2852657418  hospedero
25    2806310737  hospedero
26    2516653056  hospedero
27    8054929484  hospedero
28    2721755607  hospedero
29    2568526708  hospedero
...          ...        ...
3864  2648501330      vacio
3865  2636416114      vacio
3866  2941547752      vacio
3867  2734482515      vacio
3868  2529293228      vacio
3869  2731958025      vacio
3870  2579778898      vacio
3871  8061707641      vacio
3872  2645727560      vacio
3873  2671180560      vacio
3874  2671180825      vacio
3875  2654587563      vacio
3876  2636415676      vacio
3877  2579779010      vacio
3878  2645727620      vacio
3879  2821271981      vacio
3880  2675903003      vacio
3881  2579778617      vacio
3882  2713896852      vacio
3883  2636416188      vacio
3884  2654587757      vacio
3885  8044949209      vacio
3886  8045264335      vacio
3887  2523533507      vacio
3888  2654587795      vacio
3889  2630968566      vacio
3890  2582580909      vacio
3891  2713897254      vacio
3892  2939020026      vacio
3893  2675902956      vacio

[3894 rows x 2 columns]
antes de concatenar las tablas
         Genomas Cluster0 Cluster1  ... Cluster405870 Cluster405871      Nicho
0     2228664007        0        0  ...             0             0      vacio
1     2501799902        0        0  ...             0             0  hospedero
2     2501846300        0        0  ...             0             0  hospedero
3     2502790010        0        0  ...             0             0  hospedero
4     2503538034        0        0  ...             0             0   ambiente
5     2504643024        0        0  ...             0             0   ambiente
6     2505313002        0        0  ...             0             0  hospedero
7     2505313005        0        0  ...             0             0  hospedero
8     2505313027        0        0  ...             0             0  hospedero
9     2505313040        0        0  ...             0             0  hospedero
10    2505313041        1        0  ...             0             0  hospedero
11    2505313042        1        0  ...             0             0  hospedero
12    2505313043        1        0  ...             0             0  hospedero
13    2505313044        0        0  ...             0             0  hospedero
14    2505313045        0        0  ...             0             0  hospedero
15    2505313046        0        0  ...             0             0  hospedero
16    2505313047        0        0  ...             0             0  hospedero
17    2505313048        3        0  ...             0             0  hospedero
18    2505313049        0        0  ...             0             0  hospedero
19    2505313050        0        0  ...             0             0  hospedero
20    2505313051        1        0  ...             0             0  hospedero
21    2505313052        1        0  ...             0             0  hospedero
22    2505313053        1        0  ...             0             0  hospedero
23    2505313054        1        0  ...             0             0  hospedero
24    2505313055       38        0  ...             0             0  hospedero
25    2505313056        0        0  ...             0             0  hospedero
26    2505313057        1        0  ...             0             0  hospedero
27    2505313058        1        0  ...             0             0  hospedero
28    2505313060        0        0  ...             0             0  hospedero
29    2505313061        2        0  ...             0             0  hospedero
...          ...      ...      ...  ...           ...           ...        ...
3864  8080279160        0        0  ...             0             0   ambiente
3865  8081094103        0        0  ...             0             0   ambiente
3866  8081444025        0        0  ...             0             0      vacio
3867  8082710732        0        0  ...             0             0   ambiente
3868  8086666453        0        0  ...             0             0      vacio
3869  8086671054        0        0  ...             0             0      vacio
3870  8086684168        0        0  ...             0             0      vacio
3871  8086689625        0        0  ...             0             0      vacio
3872  8086694303        0        0  ...             0             0      vacio
3873  8086703219        0        0  ...             0             0      vacio
3874  8086708414        0        0  ...             0             0      vacio
3875  8086713104        0        0  ...             0             0      vacio
3876  8086722155        0        0  ...             0             0      vacio
3877  8086727025        0        0  ...             0             0      vacio
3878  8086736035        0        0  ...             0             0      vacio
3879  8086741237        0        0  ...             0             0      vacio
3880  8086746634        1        0  ...             0             0      vacio
3881  8086751969        0        0  ...             0             0      vacio
3882  8086756441        0        0  ...             0             0      vacio
3883  8086947143        0        0  ...             0             0  hospedero
3884  8087295818        0        0  ...             0             0   ambiente
3885  8087536365        0        0  ...             0             0  hospedero
3886  8087590616        0        0  ...             0             0  hospedero
3887  8087597119        0        0  ...             0             0  hospedero
3888  8087603415        0        0  ...             0             0  hospedero
3889  8087728815        0        0  ...             0             0      vacio
3890  8088455273        0        0  ...             0             0      vacio
3891  8088461797        0        0  ...             0             0      vacio
3892  8088468458        0        0  ...             0             0      vacio
3893  8088474632        0        0  ...             0             0      vacio

[3894 rows x 405874 columns]
Una vez que ya se hizo como indice la columna Genomas
               Genomas Cluster0 Cluster1  ... Cluster405870 Cluster405871      Nicho
Genomas                                   ...                                       
2228664007  2228664007        0        0  ...             0             0      vacio
2501799902  2501799902        0        0  ...             0             0  hospedero
2501846300  2501846300        0        0  ...             0             0  hospedero
2502790010  2502790010        0        0  ...             0             0  hospedero
2503538034  2503538034        0        0  ...             0             0   ambiente
2504643024  2504643024        0        0  ...             0             0   ambiente
2505313002  2505313002        0        0  ...             0             0  hospedero
2505313005  2505313005        0        0  ...             0             0  hospedero
2505313027  2505313027        0        0  ...             0             0  hospedero
2505313040  2505313040        0        0  ...             0             0  hospedero
2505313041  2505313041        1        0  ...             0             0  hospedero
2505313042  2505313042        1        0  ...             0             0  hospedero
2505313043  2505313043        1        0  ...             0             0  hospedero
2505313044  2505313044        0        0  ...             0             0  hospedero
2505313045  2505313045        0        0  ...             0             0  hospedero
2505313046  2505313046        0        0  ...             0             0  hospedero
2505313047  2505313047        0        0  ...             0             0  hospedero
2505313048  2505313048        3        0  ...             0             0  hospedero
2505313049  2505313049        0        0  ...             0             0  hospedero
2505313050  2505313050        0        0  ...             0             0  hospedero
2505313051  2505313051        1        0  ...             0             0  hospedero
2505313052  2505313052        1        0  ...             0             0  hospedero
2505313053  2505313053        1        0  ...             0             0  hospedero
2505313054  2505313054        1        0  ...             0             0  hospedero
2505313055  2505313055       38        0  ...             0             0  hospedero
2505313056  2505313056        0        0  ...             0             0  hospedero
2505313057  2505313057        1        0  ...             0             0  hospedero
2505313058  2505313058        1        0  ...             0             0  hospedero
2505313060  2505313060        0        0  ...             0             0  hospedero
2505313061  2505313061        2        0  ...             0             0  hospedero
...                ...      ...      ...  ...           ...           ...        ...
8080279160  8080279160        0        0  ...             0             0   ambiente
8081094103  8081094103        0        0  ...             0             0   ambiente
8081444025  8081444025        0        0  ...             0             0      vacio
8082710732  8082710732        0        0  ...             0             0   ambiente
8086666453  8086666453        0        0  ...             0             0      vacio
8086671054  8086671054        0        0  ...             0             0      vacio
8086684168  8086684168        0        0  ...             0             0      vacio
8086689625  8086689625        0        0  ...             0             0      vacio
8086694303  8086694303        0        0  ...             0             0      vacio
8086703219  8086703219        0        0  ...             0             0      vacio
8086708414  8086708414        0        0  ...             0             0      vacio
8086713104  8086713104        0        0  ...             0             0      vacio
8086722155  8086722155        0        0  ...             0             0      vacio
8086727025  8086727025        0        0  ...             0             0      vacio
8086736035  8086736035        0        0  ...             0             0      vacio
8086741237  8086741237        0        0  ...             0             0      vacio
8086746634  8086746634        1        0  ...             0             0      vacio
8086751969  8086751969        0        0  ...             0             0      vacio
8086756441  8086756441        0        0  ...             0             0      vacio
8086947143  8086947143        0        0  ...             0             0  hospedero
8087295818  8087295818        0        0  ...             0             0   ambiente
8087536365  8087536365        0        0  ...             0             0  hospedero
8087590616  8087590616        0        0  ...             0             0  hospedero
8087597119  8087597119        0        0  ...             0             0  hospedero
8087603415  8087603415        0        0  ...             0             0  hospedero
8087728815  8087728815        0        0  ...             0             0      vacio
8088455273  8088455273        0        0  ...             0             0      vacio
8088461797  8088461797        0        0  ...             0             0      vacio
8088468458  8088468458        0        0  ...             0             0      vacio
8088474632  8088474632        0        0  ...             0             0      vacio

[3894 rows x 405874 columns]
Index([u'2228664007', u'2501799902', u'2501846300', u'2502790010',
       u'2503538034', u'2504643024', u'2505313002', u'2505313005',
       u'2505313027', u'2505313040',
       ...
       u'8087295818', u'8087536365', u'8087590616', u'8087597119',
       u'8087603415', u'8087728815', u'8088455273', u'8088461797',
       u'8088468458', u'8088474632'],
      dtype='object', name=u'Genomas', length=3894)
(2452, 405874)
               Genomas Cluster0 Cluster1  ... Cluster405870 Cluster405871      Nicho
Genomas                                   ...                                       
2501799902  2501799902        0        0  ...             0             0  hospedero
2501846300  2501846300        0        0  ...             0             0  hospedero
2502790010  2502790010        0        0  ...             0             0  hospedero
2503538034  2503538034        0        0  ...             0             0   ambiente
2504643024  2504643024        0        0  ...             0             0   ambiente

[5 rows x 405874 columns]
los nichos los hacemos array
[['hospedero' 1]
 ['hospedero' 1]
 ['hospedero' 1]
 ...
 ['hospedero' 1]
 ['hospedero' 1]
 ['hospedero' 1]]
la matriz la hacemos arreglo
('Training Features Shape:', (1961, 405872))
('Training Labels Shape:', (1961,))
('Testing Features Shape:', (491, 405872))
('Testing Labels Shape:', (491,))
               Importancia
Cluster50634      0.162537
Cluster220763     0.012390
Cluster193891     0.011113
Cluster106790     0.008163
Cluster65822      0.007891
Cluster28849      0.006451
Cluster48528      0.005651
Cluster165322     0.005157
Cluster18506      0.003897
Cluster16848      0.003514
Cluster37368      0.003305
Cluster21795      0.003168
Cluster159375     0.003161
Cluster44108      0.003053
Cluster68365      0.003050
Cluster114622     0.002792
Cluster139822     0.002687
Cluster169568     0.002493
Cluster59304      0.002450
Cluster133305     0.002372
Cluster28207      0.002269
Cluster199505     0.002227
Cluster99093      0.002194
Cluster104022     0.002089
Cluster19057      0.002083
Cluster239319     0.002025
Cluster42035      0.002014
Cluster91852      0.002012
Cluster119520     0.001993
Cluster326634     0.001856
...                    ...
Cluster136668     0.000000
Cluster136667     0.000000
Cluster136666     0.000000
Cluster136665     0.000000
Cluster136664     0.000000
Cluster136687     0.000000
Cluster136688     0.000000
Cluster136689     0.000000
Cluster136701     0.000000
Cluster136710     0.000000
Cluster136709     0.000000
Cluster136708     0.000000
Cluster136707     0.000000
Cluster136706     0.000000
Cluster136705     0.000000
Cluster136704     0.000000
Cluster136703     0.000000
Cluster136702     0.000000
Cluster136700     0.000000
Cluster136690     0.000000
Cluster136699     0.000000
Cluster136698     0.000000
Cluster136697     0.000000
Cluster136696     0.000000
Cluster136695     0.000000
Cluster136694     0.000000
Cluster136693     0.000000
Cluster136692     0.000000
Cluster136691     0.000000
Cluster405871     0.000000

[405872 rows x 1 columns]
               Importancia
Cluster50634      0.162537
Cluster220763     0.012390
Cluster193891     0.011113
Cluster106790     0.008163
Cluster65822      0.007891
Cluster28849      0.006451
Cluster48528      0.005651
Cluster165322     0.005157
Cluster18506      0.003897
Cluster16848      0.003514
Cluster37368      0.003305
Cluster21795      0.003168
Cluster159375     0.003161
Cluster44108      0.003053
Cluster68365      0.003050
Cluster114622     0.002792
Cluster139822     0.002687
Cluster169568     0.002493
Cluster59304      0.002450
Cluster133305     0.002372
Cluster28207      0.002269
Cluster199505     0.002227
Cluster99093      0.002194
Cluster104022     0.002089
Cluster19057      0.002083
Cluster239319     0.002025
Cluster42035      0.002014
Cluster91852      0.002012
Cluster119520     0.001993
Cluster326634     0.001856
...                    ...
Cluster76520      0.000992
Cluster36750      0.000975
Cluster265839     0.000969
Cluster17956      0.000968
Cluster166260     0.000956
Cluster15741      0.000927
Cluster189862     0.000926
Cluster68217      0.000926
Cluster64609      0.000923
Cluster13282      0.000906
Cluster17083      0.000906
Cluster120949     0.000896
Cluster129128     0.000895
Cluster59483      0.000887
Cluster52957      0.000884
Cluster72500      0.000883
Cluster302695     0.000881
Cluster298590     0.000866
Cluster43162      0.000863
Cluster181533     0.000861
Cluster50199      0.000855
Cluster127760     0.000850
Cluster173585     0.000839
Cluster276232     0.000839
Cluster97110      0.000837
Cluster26786      0.000834
Cluster278765     0.000832
Cluster4032       0.000828
Cluster57364      0.000826
Cluster9159       0.000823

[100 rows x 1 columns]
('columnas 100; extraidas: ', [array(['2', '2', '2', ..., '0', '2', '2'], dtype=object), array(['0', '1', '1', ..., '0', '0', '0'], dtype=object), array(['0', '0', '0', ..., '0', '0', '0'], dtype=object), array(['0', '0', '0', ..., '0', '0', '0'], dtype=object), array(['1', '1', '1', ..., '0', '0', '0'], dtype=object), array(['2', '1', '1', ..., '0', '0', '0'], dtype=object), array(['0', '0', '0', ..., '2', '2', '2'], dtype=object), array(['0', '0', '0', ..., '0', '0', '0'], dtype=object), array(['0', '0', '0', ..., '2', '1', '2'], dtype=object), array(['1', '1', '1', ..., '0', '0', '0'], dtype=object), array(['0', '0', '0', ..., '1', '1', '2'], dtype=object), array(['0', '0', '0', ..., '0', '0', '0'], dtype=object), array(['0', '0', '0', ..., '0', '0', '0'], dtype=object), array(['0', '1', '1', ..., '1', '1', '1'], dtype=object), array(['0', '0', '0', ..., '0', '0', '0'], dtype=object), array(['0', '0', '0', ..., '1', '1', '1'], dtype=object), array(['0', '0', '0', ..., '0', '0', '0'], dtype=object), array(['0', '0', '0', ..., '1', '0', '0'], dtype=object), array(['0', '0', '0', ..., '0', '1', '2'], dtype=object), array(['0', '0', '0', ..., '0', '0', '0'], dtype=object), array(['0', '0', '0', ..., '0', '0', '0'], dtype=object), array(['0', '0', '0', ..., '0', '0', '0'], dtype=object), array(['0', '1', '1', ..., '0', '2', '2'], dtype=object), array(['0', '0', '0', ..., '0', '1', '1'], dtype=object), array(['0', '0', '0', ..., '2', '1', '1'], dtype=object), array(['0', '0', '0', ..., '0', '0', '0'], dtype=object), array(['0', '0', '0', ..., '0', '0', '0'], dtype=object), array(['0', '0', '0', ..., '0', '0', '0'], dtype=object), array(['0', '0', '0', ..., '0', '1', '1'], dtype=object), array(['0', '0', '0', ..., '0', '0', '0'], dtype=object), array(['0', '0', '0', ..., '0', '0', '0'], dtype=object), array(['0', '0', '0', ..., '1', '1', '1'], dtype=object), array(['0', '0', '0', ..., '1', '1', '1'], dtype=object), array(['0', '0', '0', ..., '1', '1', '1'], dtype=object), array(['0', '0', '0', ..., '0', '0', '0'], dtype=object), array(['0', '0', '0', ..., '0', '0', '0'], dtype=object), array(['0', '0', '0', ..., '0', '0', '0'], dtype=object), array(['1', '1', '1', ..., '0', '0', '0'], dtype=object), array(['0', '0', '0', ..., '0', '0', '0'], dtype=object), array(['1', '0', '0', ..., '0', '0', '0'], dtype=object), array(['0', '0', '0', ..., '0', '0', '0'], dtype=object), array(['1', '1', '1', ..., '1', '1', '1'], dtype=object), array(['1', '2', '2', ..., '0', '0', '0'], dtype=object), array(['0', '0', '0', ..., '0', '0', '0'], dtype=object), array(['0', '0', '0', ..., '0', '0', '0'], dtype=object), array(['0', '0', '0', ..., '0', '0', '0'], dtype=object), array(['0', '0', '0', ..., '0', '0', '0'], dtype=object), array(['0', '0', '0', ..., '0', '1', '1'], dtype=object), array(['0', '0', '0', ..., '0', '0', '0'], dtype=object), array(['0', '0', '0', ..., '0', '0', '0'], dtype=object), array(['0', '0', '0', ..., '0', '0', '0'], dtype=object), array(['0', '0', '0', ..., '1', '2', '1'], dtype=object), array(['0', '0', '0', ..., '1', '0', '0'], dtype=object), array(['0', '0', '0', ..., '0', '0', '0'], dtype=object), array(['0', '0', '0', ..., '0', '0', '0'], dtype=object), array(['0', '0', '0', ..., '0', '0', '0'], dtype=object), array(['0', '0', '0', ..., '1', '0', '0'], dtype=object), array(['0', '0', '0', ..., '0', '0', '0'], dtype=object), array(['0', '0', '0', ..., '1', '0', '0'], dtype=object), array(['0', '0', '0', ..., '0', '0', '0'], dtype=object), array(['0', '2', '2', ..., '1', '0', '0'], dtype=object), array(['1', '2', '2', ..., '3', '2', '2'], dtype=object), array(['0', '0', '0', ..., '1', '0', '0'], dtype=object), array(['0', '0', '0', ..., '0', '1', '1'], dtype=object), array(['1', '1', '1', ..., '0', '0', '0'], dtype=object), array(['0', '0', '0', ..., '0', '0', '0'], dtype=object), array(['0', '0', '0', ..., '1', '1', '1'], dtype=object), array(['0', '0', '0', ..., '0', '0', '0'], dtype=object), array(['0', '0', '0', ..., '0', '0', '0'], dtype=object), array(['0', '0', '0', ..., '0', '0', '0'], dtype=object), array(['0', '0', '0', ..., '0', '0', '0'], dtype=object), array(['1', '1', '1', ..., '1', '1', '1'], dtype=object), array(['0', '0', '0', ..., '0', '0', '0'], dtype=object), array(['0', '0', '0', ..., '0', '0', '0'], dtype=object), array(['0', '0', '0', ..., '0', '0', '0'], dtype=object), array(['1', '0', '1', ..., '0', '0', '0'], dtype=object), array(['0', '0', '0', ..., '0', '0', '0'], dtype=object), array(['0', '0', '0', ..., '0', '0', '0'], dtype=object), array(['0', '0', '0', ..., '0', '0', '0'], dtype=object), array(['0', '0', '0', ..., '0', '0', '0'], dtype=object), array(['0', '0', '0', ..., '0', '0', '0'], dtype=object), array(['0', '0', '0', ..., '0', '0', '0'], dtype=object), array(['0', '0', '0', ..., '0', '0', '0'], dtype=object), array(['1', '2', '2', ..., '0', '0', '0'], dtype=object), array(['0', '0', '0', ..., '0', '0', '0'], dtype=object), array(['0', '0', '0', ..., '0', '0', '0'], dtype=object), array(['0', '0', '0', ..., '0', '1', '1'], dtype=object), array(['0', '0', '0', ..., '0', '0', '0'], dtype=object), array(['0', '0', '0', ..., '0', '0', '0'], dtype=object), array(['0', '0', '0', ..., '0', '0', '0'], dtype=object), array(['0', '0', '0', ..., '0', '0', '0'], dtype=object), array(['0', '0', '0', ..., '0', '1', '1'], dtype=object), array(['0', '0', '0', ..., '0', '1', '1'], dtype=object), array(['0', '0', '0', ..., '1', '1', '1'], dtype=object), array(['0', '0', '0', ..., '0', '0', '0'], dtype=object), array(['0', '1', '0', ..., '0', '1', '1'], dtype=object), array(['0', '0', '0', ..., '0', '0', '0'], dtype=object), array(['0', '0', '0', ..., '0', '0', '0'], dtype=object), array(['0', '0', '0', ..., '0', '0', '0'], dtype=object), array(['0', '0', '0', ..., '1', '1', '1'], dtype=object)])
('matriz mtz_clustercien creada\\n',            50634 220763 193891 106790 65822  ... 278765 4032 57364 9159      Nicho
Genomas                                      ...                                  
2501799902     2      0      0      0     1  ...      0    0     0    0  hospedero
2501846300     2      1      0      0     1  ...      0    0     0    0  hospedero
2502790010     2      1      0      0     1  ...      0    0     0    0  hospedero
2503538034     0      0      0      0     0  ...      0    0     1    1   ambiente
2504643024     0      0      0      1     1  ...      1    0     0    1   ambiente
2505313002     2      1      1      0     1  ...      0    0     0    0  hospedero
2505313005     2      1      0      0     1  ...      0    0     0    0  hospedero
2505313027     2      0      0      0     1  ...      0    0     1    2  hospedero
2505313040     2      0      0      0     1  ...      0    0     0    2  hospedero
2505313041     2      0      0      0     1  ...      0    0     0    2  hospedero
2505313042     2      0      0      0     1  ...      0    0     0    2  hospedero
2505313043     2      0      0      0     1  ...      0    0     0    2  hospedero
2505313044     2      0      0      0     1  ...      0    0     0    2  hospedero
2505313045     2      0      0      0     1  ...      0    0     0    2  hospedero
2505313046     2      0      0      0     1  ...      0    0     1    2  hospedero
2505313047     2      0      0      0     1  ...      0    0     0    2  hospedero
2505313048     2      0      0      0     1  ...      0    0     1    2  hospedero
2505313049     2      0      0      0     1  ...      0    0     0    2  hospedero
2505313050     2      0      0      0     1  ...      0    0     0    2  hospedero
2505313051     2      0      0      0     1  ...      0    0     0    2  hospedero
2505313052     2      0      0      0     1  ...      0    0     0    2  hospedero
2505313053     2      0      0      0     1  ...      0    0     0    2  hospedero
2505313054     2      0      0      0     1  ...      0    0     0    2  hospedero
2505313055     2      0      0      0     1  ...      0    0     1    2  hospedero
2505313056     2      0      0      0     1  ...      0    0     0    2  hospedero
2505313057     2      0      0      0     1  ...      0    0     0    2  hospedero
2505313058     2      0      0      0     1  ...      0    0     0    2  hospedero
2505313060     2      0      0      0     1  ...      0    0     0    2  hospedero
2505313061     2      0      0      0     1  ...      0    0     0    2  hospedero
2505313062     2      0      0      0     1  ...      0    0     0    2  hospedero
...          ...    ...    ...    ...   ...  ...    ...  ...   ...  ...        ...
8077497886     0      0      0      1     0  ...      0    0     0    1  hospedero
8078097889     0      0      0      0     0  ...      0    0     0    0   ambiente
8078361596     0      0      0      0     0  ...      1    0     1    1   ambiente
8078389824     2      1      0      0     1  ...      0    0     0    0  hospedero
8078618946     0      0      0      0     0  ...      1    0     0    0   ambiente
8078625192     0      0      0      0     0  ...      1    0     0    0   ambiente
8078631083     0      0      0      0     0  ...      1    0     0    0   ambiente
8078862731     2      0      0      0     1  ...      0    0     2    1  hospedero
8078868008     2      0      0      0     1  ...      0    0     2    1  hospedero
8078873266     2      0      0      0     1  ...      0    0     2    1  hospedero
8078878518     2      0      0      0     1  ...      0    0     2    1  hospedero
8078883831     2      0      0      0     1  ...      0    0     2    1  hospedero
8078989883     0      0      0      0     0  ...      1    0     0    1  hospedero
8079031769     2      1      0      0     1  ...      0    0     0    0  hospedero
8079054357     2      0      0      0     1  ...      0    0     1    2  hospedero
8079069389     0      0      0      0     1  ...      0    0     0    1  hospedero
8079075367     0      0      0      1     1  ...      0    0     0    1  hospedero
8079462635     2      0      0      0     1  ...      0    0     0    1  hospedero
8079860252     0      0      0      0     1  ...      0    0     0    1   ambiente
8080148637     0      0      0      0     0  ...      0    0     0    0   ambiente
8080272579     0      0      0      0     1  ...      1    0     0    1   ambiente
8080279160     0      0      0      0     1  ...      1    0     0    1   ambiente
8081094103     0      0      0      1     0  ...      1    0     0    1   ambiente
8082710732     0      0      0      0     0  ...      1    0     0    0   ambiente
8086947143     0      0      0      0     0  ...      1    0     0    1  hospedero
8087295818     0      0      0      0     0  ...      0    0     0    0   ambiente
8087536365     0      0      0      0     0  ...      1    0     0    1  hospedero
8087590616     0      0      0      0     0  ...      0    0     0    1  hospedero
8087597119     2      0      0      0     0  ...      0    0     0    1  hospedero
8087603415     2      0      0      0     0  ...      0    0     0    1  hospedero

[2452 rows x 101 columns])
('indices de mtz_clustercien \\n', Index([u'2501799902', u'2501846300', u'2502790010', u'2503538034',
       u'2504643024', u'2505313002', u'2505313005', u'2505313027',
       u'2505313040', u'2505313041',
       ...
       u'8080272579', u'8080279160', u'8081094103', u'8082710732',
       u'8086947143', u'8087295818', u'8087536365', u'8087590616',
       u'8087597119', u'8087603415'],
      dtype='object', name=u'Genomas', length=2452))
('columnas de mtz_clustercien \\n', Index([u'50634', u'220763', u'193891', u'106790', u'65822', u'28849', u'48528',
       u'165322', u'18506', u'16848',
       ...
       u'127760', u'173585', u'276232', u'97110', u'26786', u'278765', u'4032',
       u'57364', u'9159', u'Nicho'],
      dtype='object', length=101))
Continuamos hacia el conteo, juntando en indice y las 100 columnas
('u', array(['hospedero', 'ambiente'], dtype=object), 'c', ['50634', '220763', '193891', '106790', '65822', '28849', '48528', '165322', '18506', '16848', '37368', '21795', '159375', '44108', '68365', '114622', '139822', '169568', '59304', '133305', '28207', '199505', '99093', '104022', '19057', '239319', '42035', '91852', '119520', '326634', '362420', '50362', '242353', '99107', '234230', '59197', '18646', '221486', '46649', '20872', '157251', '248050', '48635', '194083', '167562', '18978', '22005', '32350', '155079', '303523', '87269', '45827', '237358', '316311', '149404', '64471', '158975', '81688', '20909', '267926', '65603', '136681', '161430', '95086', '114325', '38269', '316157', '41099', '184660', '34051', '76520', '36750', '265839', '17956', '166260', '15741', '189862', '68217', '64609', '13282', '17083', '120949', '129128', '59483', '52957', '72500', '302695', '298590', '43162', '181533', '50199', '127760', '173585', '276232', '97110', '26786', '278765', '4032', '57364', '9159', 'Nicho'])
A eliminar la palabra Nicho de la lista c
(['50634', '220763', '193891', '106790', '65822', '28849', '48528', '165322', '18506', '16848', '37368', '21795', '159375', '44108', '68365', '114622', '139822', '169568', '59304', '133305', '28207', '199505', '99093', '104022', '19057', '239319', '42035', '91852', '119520', '326634', '362420', '50362', '242353', '99107', '234230', '59197', '18646', '221486', '46649', '20872', '157251', '248050', '48635', '194083', '167562', '18978', '22005', '32350', '155079', '303523', '87269', '45827', '237358', '316311', '149404', '64471', '158975', '81688', '20909', '267926', '65603', '136681', '161430', '95086', '114325', '38269', '316157', '41099', '184660', '34051', '76520', '36750', '265839', '17956', '166260', '15741', '189862', '68217', '64609', '13282', '17083', '120949', '129128', '59483', '52957', '72500', '302695', '298590', '43162', '181533', '50199', '127760', '173585', '276232', '97110', '26786', '278765', '4032', '57364', '9159'], False)
matriz vacia, creandose
matriz vacia, creada, continuamos con concatenar los 100 mejores cluster en la matriz vacia
(2, 100)
Hora de hacer los graficos 
 El primero es de barras de escala normal
Imagen guardada exitosamente
Hora de hacer los graficos 
 El segundo es de barras de escala logaritmica
Imagen guardada exitosamente
Imagen guardada exitosamente
Matriz de confusión guardada exitosamente
('Accuracy:', 0.814663951120163)
('Precision:', 0.8120403828044587)
('Recall:', 0.814663951120163)
('F1 Score:', 0.8129054518951158)
Elapsed time to compute the importances: 3528.557 seconds
